Analysis & Synthesis report for FP
Sun Nov 30 21:01:00 2025
Quartus Prime Version 20.1.1 Build 720 11/11/2020 SJ Lite Edition


---------------------
; Table of Contents ;
---------------------
  1. Legal Notice
  2. Analysis & Synthesis Summary
  3. Analysis & Synthesis Settings
  4. Parallel Compilation
  5. Analysis & Synthesis Source Files Read
  6. Analysis & Synthesis Resource Usage Summary
  7. Analysis & Synthesis Resource Utilization by Entity
  8. General Register Statistics
  9. Multiplexer Restructuring Statistics (Restructuring Performed)
 10. Parameter Settings for User Entity Instance: Top-level Entity: |EN_ExecUnit
 11. Parameter Settings for User Entity Instance: EN_Adder:Add
 12. Parameter Settings for User Entity Instance: EN_Logic:Logic
 13. Parameter Settings for User Entity Instance: EN_Shift:Shift
 14. Post-Synthesis Netlist Statistics for Top Partition
 15. Elapsed Time Per Partition
 16. Analysis & Synthesis Messages



----------------
; Legal Notice ;
----------------
Copyright (C) 2020  Intel Corporation. All rights reserved.
Your use of Intel Corporation's design tools, logic functions 
and other software and tools, and any partner logic 
functions, and any output files from any of the foregoing 
(including device programming or simulation files), and any 
associated documentation or information are expressly subject 
to the terms and conditions of the Intel Program License 
Subscription Agreement, the Intel Quartus Prime License Agreement,
the Intel FPGA IP License Agreement, or other applicable license
agreement, including, without limitation, that your use is for
the sole purpose of programming logic devices manufactured by
Intel and sold by Intel or its authorized distributors.  Please
refer to the applicable agreement for further details, at
https://fpgasoftware.intel.com/eula.



+----------------------------------------------------------------------------------+
; Analysis & Synthesis Summary                                                     ;
+------------------------------------+---------------------------------------------+
; Analysis & Synthesis Status        ; Successful - Sun Nov 30 21:01:00 2025       ;
; Quartus Prime Version              ; 20.1.1 Build 720 11/11/2020 SJ Lite Edition ;
; Revision Name                      ; FP                                          ;
; Top-level Entity Name              ; EN_ExecUnit                                 ;
; Family                             ; Cyclone IV E                                ;
; Total logic elements               ; 572                                         ;
;     Total combinational functions  ; 572                                         ;
;     Dedicated logic registers      ; 0                                           ;
; Total registers                    ; 0                                           ;
; Total pins                         ; 107                                         ;
; Total virtual pins                 ; 0                                           ;
; Total memory bits                  ; 0                                           ;
; Embedded Multiplier 9-bit elements ; 0                                           ;
; Total PLLs                         ; 0                                           ;
+------------------------------------+---------------------------------------------+


+------------------------------------------------------------------------------------------------------------+
; Analysis & Synthesis Settings                                                                              ;
+------------------------------------------------------------------+--------------------+--------------------+
; Option                                                           ; Setting            ; Default Value      ;
+------------------------------------------------------------------+--------------------+--------------------+
; Device                                                           ; EP4CE115F29C7      ;                    ;
; Top-level entity name                                            ; EN_ExecUnit        ; FP                 ;
; Family name                                                      ; Cyclone IV E       ; Cyclone V          ;
; VHDL Show LMF Mapping Messages                                   ; Off                ;                    ;
; VHDL Version                                                     ; VHDL_2008          ; VHDL_1993          ;
; Use smart compilation                                            ; Off                ; Off                ;
; Enable parallel Assembler and Timing Analyzer during compilation ; On                 ; On                 ;
; Enable compact report table                                      ; Off                ; Off                ;
; Restructure Multiplexers                                         ; Auto               ; Auto               ;
; Create Debugging Nodes for IP Cores                              ; Off                ; Off                ;
; Preserve fewer node names                                        ; On                 ; On                 ;
; Intel FPGA IP Evaluation Mode                                    ; Enable             ; Enable             ;
; Verilog Version                                                  ; Verilog_2001       ; Verilog_2001       ;
; State Machine Processing                                         ; Auto               ; Auto               ;
; Safe State Machine                                               ; Off                ; Off                ;
; Extract Verilog State Machines                                   ; On                 ; On                 ;
; Extract VHDL State Machines                                      ; On                 ; On                 ;
; Ignore Verilog initial constructs                                ; Off                ; Off                ;
; Iteration limit for constant Verilog loops                       ; 5000               ; 5000               ;
; Iteration limit for non-constant Verilog loops                   ; 250                ; 250                ;
; Add Pass-Through Logic to Inferred RAMs                          ; On                 ; On                 ;
; Infer RAMs from Raw Logic                                        ; On                 ; On                 ;
; Parallel Synthesis                                               ; On                 ; On                 ;
; DSP Block Balancing                                              ; Auto               ; Auto               ;
; NOT Gate Push-Back                                               ; On                 ; On                 ;
; Power-Up Don't Care                                              ; On                 ; On                 ;
; Remove Redundant Logic Cells                                     ; Off                ; Off                ;
; Remove Duplicate Registers                                       ; On                 ; On                 ;
; Ignore CARRY Buffers                                             ; Off                ; Off                ;
; Ignore CASCADE Buffers                                           ; Off                ; Off                ;
; Ignore GLOBAL Buffers                                            ; Off                ; Off                ;
; Ignore ROW GLOBAL Buffers                                        ; Off                ; Off                ;
; Ignore LCELL Buffers                                             ; Off                ; Off                ;
; Ignore SOFT Buffers                                              ; On                 ; On                 ;
; Limit AHDL Integers to 32 Bits                                   ; Off                ; Off                ;
; Optimization Technique                                           ; Balanced           ; Balanced           ;
; Carry Chain Length                                               ; 70                 ; 70                 ;
; Auto Carry Chains                                                ; On                 ; On                 ;
; Auto Open-Drain Pins                                             ; On                 ; On                 ;
; Perform WYSIWYG Primitive Resynthesis                            ; Off                ; Off                ;
; Auto ROM Replacement                                             ; On                 ; On                 ;
; Auto RAM Replacement                                             ; On                 ; On                 ;
; Auto DSP Block Replacement                                       ; On                 ; On                 ;
; Auto Shift Register Replacement                                  ; Auto               ; Auto               ;
; Allow Shift Register Merging across Hierarchies                  ; Auto               ; Auto               ;
; Auto Clock Enable Replacement                                    ; On                 ; On                 ;
; Strict RAM Replacement                                           ; Off                ; Off                ;
; Allow Synchronous Control Signals                                ; On                 ; On                 ;
; Force Use of Synchronous Clear Signals                           ; Off                ; Off                ;
; Auto RAM Block Balancing                                         ; On                 ; On                 ;
; Auto RAM to Logic Cell Conversion                                ; Off                ; Off                ;
; Auto Resource Sharing                                            ; Off                ; Off                ;
; Allow Any RAM Size For Recognition                               ; Off                ; Off                ;
; Allow Any ROM Size For Recognition                               ; Off                ; Off                ;
; Allow Any Shift Register Size For Recognition                    ; Off                ; Off                ;
; Use LogicLock Constraints during Resource Balancing              ; On                 ; On                 ;
; Ignore translate_off and synthesis_off directives                ; Off                ; Off                ;
; Timing-Driven Synthesis                                          ; On                 ; On                 ;
; Report Parameter Settings                                        ; On                 ; On                 ;
; Report Source Assignments                                        ; On                 ; On                 ;
; Report Connectivity Checks                                       ; On                 ; On                 ;
; Ignore Maximum Fan-Out Assignments                               ; Off                ; Off                ;
; Synchronization Register Chain Length                            ; 2                  ; 2                  ;
; Power Optimization During Synthesis                              ; Normal compilation ; Normal compilation ;
; HDL message level                                                ; Level2             ; Level2             ;
; Suppress Register Optimization Related Messages                  ; Off                ; Off                ;
; Number of Removed Registers Reported in Synthesis Report         ; 5000               ; 5000               ;
; Number of Swept Nodes Reported in Synthesis Report               ; 5000               ; 5000               ;
; Number of Inverted Registers Reported in Synthesis Report        ; 100                ; 100                ;
; Clock MUX Protection                                             ; On                 ; On                 ;
; Auto Gated Clock Conversion                                      ; Off                ; Off                ;
; Block Design Naming                                              ; Auto               ; Auto               ;
; SDC constraint protection                                        ; Off                ; Off                ;
; Synthesis Effort                                                 ; Auto               ; Auto               ;
; Shift Register Replacement - Allow Asynchronous Clear Signal     ; On                 ; On                 ;
; Pre-Mapping Resynthesis Optimization                             ; Off                ; Off                ;
; Analysis & Synthesis Message Level                               ; Medium             ; Medium             ;
; Disable Register Merging Across Hierarchies                      ; Auto               ; Auto               ;
; Resource Aware Inference For Block RAM                           ; On                 ; On                 ;
+------------------------------------------------------------------+--------------------+--------------------+


+------------------------------------------+
; Parallel Compilation                     ;
+----------------------------+-------------+
; Processors                 ; Number      ;
+----------------------------+-------------+
; Number detected on machine ; 32          ;
; Maximum allowed            ; 16          ;
;                            ;             ;
; Average used               ; 1.00        ;
; Maximum used               ; 1           ;
;                            ;             ;
; Usage by Processor         ; % Time Used ;
;     Processor 1            ; 100.0%      ;
+----------------------------+-------------+


+------------------------------------------------------------------------------------------------------------------------------------------------------------------+
; Analysis & Synthesis Source Files Read                                                                                                                           ;
+----------------------------------+-----------------+-----------------+---------------------------------------------------------------------------------+---------+
; File Name with User-Entered Path ; Used in Netlist ; File Type       ; File Name with Absolute Path                                                    ; Library ;
+----------------------------------+-----------------+-----------------+---------------------------------------------------------------------------------+---------+
; SourceCode/test_config.vhd       ; yes             ; User VHDL File  ; C:/Users/Amytis/Desktop/SFU/2025/FALL2025/ENSC350/FP/SourceCode/test_config.vhd ;         ;
; SourceCode/EN_Shift.vhd          ; yes             ; User VHDL File  ; C:/Users/Amytis/Desktop/SFU/2025/FALL2025/ENSC350/FP/SourceCode/EN_Shift.vhd    ;         ;
; SourceCode/EN_Logic.vhd          ; yes             ; User VHDL File  ; C:/Users/Amytis/Desktop/SFU/2025/FALL2025/ENSC350/FP/SourceCode/EN_Logic.vhd    ;         ;
; SourceCode/EN_ExecUnit.vhd       ; yes             ; User VHDL File  ; C:/Users/Amytis/Desktop/SFU/2025/FALL2025/ENSC350/FP/SourceCode/EN_ExecUnit.vhd ;         ;
; SourceCode/EN_Adder.vhd          ; yes             ; User VHDL File  ; C:/Users/Amytis/Desktop/SFU/2025/FALL2025/ENSC350/FP/SourceCode/EN_Adder.vhd    ;         ;
+----------------------------------+-----------------+-----------------+---------------------------------------------------------------------------------+---------+


+----------------------------------------------------------+
; Analysis & Synthesis Resource Usage Summary              ;
+---------------------------------------------+------------+
; Resource                                    ; Usage      ;
+---------------------------------------------+------------+
; Estimated Total logic elements              ; 572        ;
;                                             ;            ;
; Total combinational functions               ; 572        ;
; Logic element usage by number of LUT inputs ;            ;
;     -- 4 input functions                    ; 375        ;
;     -- 3 input functions                    ; 168        ;
;     -- <=2 input functions                  ; 29         ;
;                                             ;            ;
; Logic elements by mode                      ;            ;
;     -- normal mode                          ; 572        ;
;     -- arithmetic mode                      ; 0          ;
;                                             ;            ;
; Total registers                             ; 0          ;
;     -- Dedicated logic registers            ; 0          ;
;     -- I/O registers                        ; 0          ;
;                                             ;            ;
; I/O pins                                    ; 107        ;
;                                             ;            ;
; Embedded Multiplier 9-bit elements          ; 0          ;
;                                             ;            ;
; Maximum fan-out node                        ; B[1]~input ;
; Maximum fan-out                             ; 91         ;
; Total fan-out                               ; 2203       ;
; Average fan-out                             ; 2.80       ;
+---------------------------------------------+------------+


+------------------------------------------------------------------------------------------------------------------------------------------------------------------------------------------------------------------+
; Analysis & Synthesis Resource Utilization by Entity                                                                                                                                                              ;
+----------------------------+---------------------+---------------------------+-------------+--------------+---------+-----------+------+--------------+-----------------------------+-------------+--------------+
; Compilation Hierarchy Node ; Combinational ALUTs ; Dedicated Logic Registers ; Memory Bits ; DSP Elements ; DSP 9x9 ; DSP 18x18 ; Pins ; Virtual Pins ; Full Hierarchy Name         ; Entity Name ; Library Name ;
+----------------------------+---------------------+---------------------------+-------------+--------------+---------+-----------+------+--------------+-----------------------------+-------------+--------------+
; |EN_ExecUnit               ; 572 (258)           ; 0 (0)                     ; 0           ; 0            ; 0       ; 0         ; 107  ; 0            ; |EN_ExecUnit                ; EN_ExecUnit ; work         ;
;    |EN_Adder:Add|          ; 57 (57)             ; 0 (0)                     ; 0           ; 0            ; 0       ; 0         ; 0    ; 0            ; |EN_ExecUnit|EN_Adder:Add   ; EN_Adder    ; work         ;
;    |EN_Logic:Logic|        ; 19 (19)             ; 0 (0)                     ; 0           ; 0            ; 0       ; 0         ; 0    ; 0            ; |EN_ExecUnit|EN_Logic:Logic ; EN_Logic    ; work         ;
;    |EN_Shift:Shift|        ; 238 (238)           ; 0 (0)                     ; 0           ; 0            ; 0       ; 0         ; 0    ; 0            ; |EN_ExecUnit|EN_Shift:Shift ; EN_Shift    ; work         ;
+----------------------------+---------------------+---------------------------+-------------+--------------+---------+-----------+------+--------------+-----------------------------+-------------+--------------+
Note: For table entries with two numbers listed, the numbers in parentheses indicate the number of resources of the given type used by the specific entity alone. The numbers listed outside of parentheses indicate the total resources of the given type used by the specific entity and all of its sub-entities in the hierarchy.


+------------------------------------------------------+
; General Register Statistics                          ;
+----------------------------------------------+-------+
; Statistic                                    ; Value ;
+----------------------------------------------+-------+
; Total registers                              ; 0     ;
; Number of registers using Synchronous Clear  ; 0     ;
; Number of registers using Synchronous Load   ; 0     ;
; Number of registers using Asynchronous Clear ; 0     ;
; Number of registers using Asynchronous Load  ; 0     ;
; Number of registers using Clock Enable       ; 0     ;
; Number of registers using Preset             ; 0     ;
+----------------------------------------------+-------+


+------------------------------------------------------------------------------------------------------------------------------------------+
; Multiplexer Restructuring Statistics (Restructuring Performed)                                                                           ;
+--------------------+-----------+---------------+----------------------+------------------------+------------+----------------------------+
; Multiplexer Inputs ; Bus Width ; Baseline Area ; Area if Restructured ; Saving if Restructured ; Registered ; Example Multiplexer Output ;
+--------------------+-----------+---------------+----------------------+------------------------+------------+----------------------------+
; 16:1               ; 7 bits    ; 70 LEs        ; 56 LEs               ; 14 LEs                 ; No         ; |EN_ExecUnit|Mux12         ;
; 15:1               ; 4 bits    ; 40 LEs        ; 28 LEs               ; 12 LEs                 ; No         ; |EN_ExecUnit|Mux20         ;
; 15:1               ; 3 bits    ; 30 LEs        ; 24 LEs               ; 6 LEs                  ; No         ; |EN_ExecUnit|Mux17         ;
; 17:1               ; 4 bits    ; 44 LEs        ; 36 LEs               ; 8 LEs                  ; No         ; |EN_ExecUnit|Mux4          ;
; 16:1               ; 4 bits    ; 40 LEs        ; 32 LEs               ; 8 LEs                  ; No         ; |EN_ExecUnit|Mux24         ;
; 18:1               ; 2 bits    ; 24 LEs        ; 18 LEs               ; 6 LEs                  ; No         ; |EN_ExecUnit|Mux3          ;
; 17:1               ; 2 bits    ; 22 LEs        ; 18 LEs               ; 4 LEs                  ; No         ; |EN_ExecUnit|Mux28         ;
+--------------------+-----------+---------------+----------------------+------------------------+------------+----------------------------+


+-----------------------------------------------------------------------------+
; Parameter Settings for User Entity Instance: Top-level Entity: |EN_ExecUnit ;
+----------------+-------+----------------------------------------------------+
; Parameter Name ; Value ; Type                                               ;
+----------------+-------+----------------------------------------------------+
; N              ; 32    ; Signed Integer                                     ;
+----------------+-------+----------------------------------------------------+
Note: In order to hide this table in the UI and the text report file, please set the "Show Parameter Settings in Synthesis Report" option in "Analysis and Synthesis Settings -> More Settings" to "Off".


+-----------------------------------------------------------+
; Parameter Settings for User Entity Instance: EN_Adder:Add ;
+----------------+-------+----------------------------------+
; Parameter Name ; Value ; Type                             ;
+----------------+-------+----------------------------------+
; n              ; 32    ; Signed Integer                   ;
+----------------+-------+----------------------------------+
Note: In order to hide this table in the UI and the text report file, please set the "Show Parameter Settings in Synthesis Report" option in "Analysis and Synthesis Settings -> More Settings" to "Off".


+-------------------------------------------------------------+
; Parameter Settings for User Entity Instance: EN_Logic:Logic ;
+----------------+-------+------------------------------------+
; Parameter Name ; Value ; Type                               ;
+----------------+-------+------------------------------------+
; n              ; 32    ; Signed Integer                     ;
+----------------+-------+------------------------------------+
Note: In order to hide this table in the UI and the text report file, please set the "Show Parameter Settings in Synthesis Report" option in "Analysis and Synthesis Settings -> More Settings" to "Off".


+-------------------------------------------------------------+
; Parameter Settings for User Entity Instance: EN_Shift:Shift ;
+----------------+-------+------------------------------------+
; Parameter Name ; Value ; Type                               ;
+----------------+-------+------------------------------------+
; n              ; 32    ; Signed Integer                     ;
+----------------+-------+------------------------------------+
Note: In order to hide this table in the UI and the text report file, please set the "Show Parameter Settings in Synthesis Report" option in "Analysis and Synthesis Settings -> More Settings" to "Off".


+-----------------------------------------------------+
; Post-Synthesis Netlist Statistics for Top Partition ;
+-----------------------+-----------------------------+
; Type                  ; Count                       ;
+-----------------------+-----------------------------+
; boundary_port         ; 107                         ;
; cycloneiii_lcell_comb ; 575                         ;
;     normal            ; 575                         ;
;         0 data inputs ; 1                           ;
;         1 data inputs ; 2                           ;
;         2 data inputs ; 29                          ;
;         3 data inputs ; 168                         ;
;         4 data inputs ; 375                         ;
;                       ;                             ;
; Max LUT depth         ; 35.00                       ;
; Average LUT depth     ; 13.59                       ;
+-----------------------+-----------------------------+


+-------------------------------+
; Elapsed Time Per Partition    ;
+----------------+--------------+
; Partition Name ; Elapsed Time ;
+----------------+--------------+
; Top            ; 00:00:01     ;
+----------------+--------------+


+-------------------------------+
; Analysis & Synthesis Messages ;
+-------------------------------+
Info: *******************************************************************
Info: Running Quartus Prime Analysis & Synthesis
    Info: Version 20.1.1 Build 720 11/11/2020 SJ Lite Edition
    Info: Processing started: Sun Nov 30 21:00:54 2025
Info: Command: quartus_map --read_settings_files=on --write_settings_files=off FP -c FP
Warning (18236): Number of processors has not been specified which may cause overloading on shared machines.  Set the global assignment NUM_PARALLEL_PROCESSORS in your QSF to an appropriate value for best performance.
Info (20030): Parallel compilation is enabled and will use 16 of the 24 processors detected
Info (12021): Found 1 design units, including 0 entities, in source file sourcecode/test_config.vhd
    Info (12022): Found design unit 1: config File: C:/Users/Amytis/Desktop/SFU/2025/FALL2025/ENSC350/FP/SourceCode/test_config.vhd Line: 5
Info (12021): Found 3 design units, including 1 entities, in source file sourcecode/en_shift.vhd
    Info (12022): Found design unit 1: EN_Shift-IEEE_fn File: C:/Users/Amytis/Desktop/SFU/2025/FALL2025/ENSC350/FP/SourceCode/EN_Shift.vhd Line: 15
    Info (12022): Found design unit 2: EN_Shift-barrel File: C:/Users/Amytis/Desktop/SFU/2025/FALL2025/ENSC350/FP/SourceCode/EN_Shift.vhd Line: 34
    Info (12023): Found entity 1: EN_Shift File: C:/Users/Amytis/Desktop/SFU/2025/FALL2025/ENSC350/FP/SourceCode/EN_Shift.vhd Line: 6
Info (12021): Found 2 design units, including 1 entities, in source file sourcecode/en_logic.vhd
    Info (12022): Found design unit 1: EN_Logic-RTL File: C:/Users/Amytis/Desktop/SFU/2025/FALL2025/ENSC350/FP/SourceCode/EN_Logic.vhd Line: 13
    Info (12023): Found entity 1: EN_Logic File: C:/Users/Amytis/Desktop/SFU/2025/FALL2025/ENSC350/FP/SourceCode/EN_Logic.vhd Line: 4
Info (12021): Found 2 design units, including 1 entities, in source file sourcecode/en_lacg4.vhd
    Info (12022): Found design unit 1: EN_LACG4-LACN4 File: C:/Users/Amytis/Desktop/SFU/2025/FALL2025/ENSC350/FP/SourceCode/EN_LACG4.vhd Line: 17
    Info (12023): Found entity 1: EN_LACG4 File: C:/Users/Amytis/Desktop/SFU/2025/FALL2025/ENSC350/FP/SourceCode/EN_LACG4.vhd Line: 7
Info (12021): Found 2 design units, including 1 entities, in source file sourcecode/en_execunit.vhd
    Info (12022): Found design unit 1: EN_ExecUnit-RTL File: C:/Users/Amytis/Desktop/SFU/2025/FALL2025/ENSC350/FP/SourceCode/EN_ExecUnit.vhd Line: 18
    Info (12023): Found entity 1: EN_ExecUnit File: C:/Users/Amytis/Desktop/SFU/2025/FALL2025/ENSC350/FP/SourceCode/EN_ExecUnit.vhd Line: 6
Info (12021): Found 6 design units, including 1 entities, in source file sourcecode/en_adder.vhd
    Info (12022): Found design unit 1: EN_Adder-RCA File: C:/Users/Amytis/Desktop/SFU/2025/FALL2025/ENSC350/FP/SourceCode/EN_Adder.vhd Line: 34
    Info (12022): Found design unit 2: EN_Adder-CSA File: C:/Users/Amytis/Desktop/SFU/2025/FALL2025/ENSC350/FP/SourceCode/EN_Adder.vhd Line: 62
    Info (12022): Found design unit 3: EN_Adder-LACTA File: C:/Users/Amytis/Desktop/SFU/2025/FALL2025/ENSC350/FP/SourceCode/EN_Adder.vhd Line: 141
    Info (12022): Found design unit 4: EN_Adder-BKA File: C:/Users/Amytis/Desktop/SFU/2025/FALL2025/ENSC350/FP/SourceCode/EN_Adder.vhd Line: 338
    Info (12022): Found design unit 5: EN_Adder-CBA File: C:/Users/Amytis/Desktop/SFU/2025/FALL2025/ENSC350/FP/SourceCode/EN_Adder.vhd Line: 466
    Info (12023): Found entity 1: EN_Adder File: C:/Users/Amytis/Desktop/SFU/2025/FALL2025/ENSC350/FP/SourceCode/EN_Adder.vhd Line: 8
Info (12127): Elaborating entity "EN_ExecUnit" for the top level hierarchy
Warning (10445): VHDL Subtype or Type Declaration warning at EN_ExecUnit.vhd(68): subtype or type has null range File: C:/Users/Amytis/Desktop/SFU/2025/FALL2025/ENSC350/FP/SourceCode/EN_ExecUnit.vhd Line: 68
Warning (10443): VHDL warning at EN_ExecUnit.vhd(68): ignored choice with illegal range bounds File: C:/Users/Amytis/Desktop/SFU/2025/FALL2025/ENSC350/FP/SourceCode/EN_ExecUnit.vhd Line: 68
Warning (10445): VHDL Subtype or Type Declaration warning at EN_ExecUnit.vhd(69): subtype or type has null range File: C:/Users/Amytis/Desktop/SFU/2025/FALL2025/ENSC350/FP/SourceCode/EN_ExecUnit.vhd Line: 69
Warning (10443): VHDL warning at EN_ExecUnit.vhd(69): ignored choice with illegal range bounds File: C:/Users/Amytis/Desktop/SFU/2025/FALL2025/ENSC350/FP/SourceCode/EN_ExecUnit.vhd Line: 69
Warning (10620): VHDL warning at EN_ExecUnit.vhd(89): comparison between unequal length operands always returns FALSE File: C:/Users/Amytis/Desktop/SFU/2025/FALL2025/ENSC350/FP/SourceCode/EN_ExecUnit.vhd Line: 89
Info (12129): Elaborating entity "EN_Adder" using architecture "A:rca" for hierarchy "EN_Adder:Add" File: C:/Users/Amytis/Desktop/SFU/2025/FALL2025/ENSC350/FP/SourceCode/EN_ExecUnit.vhd Line: 73
Info (12129): Elaborating entity "EN_Logic" using architecture "A:rtl" for hierarchy "EN_Logic:Logic" File: C:/Users/Amytis/Desktop/SFU/2025/FALL2025/ENSC350/FP/SourceCode/EN_ExecUnit.vhd Line: 92
Warning (10445): VHDL Subtype or Type Declaration warning at EN_Logic.vhd(23): subtype or type has null range File: C:/Users/Amytis/Desktop/SFU/2025/FALL2025/ENSC350/FP/SourceCode/EN_Logic.vhd Line: 23
Warning (10443): VHDL warning at EN_Logic.vhd(23): ignored choice with illegal range bounds File: C:/Users/Amytis/Desktop/SFU/2025/FALL2025/ENSC350/FP/SourceCode/EN_Logic.vhd Line: 23
Info (12129): Elaborating entity "EN_Shift" using architecture "A:barrel" for hierarchy "EN_Shift:Shift" File: C:/Users/Amytis/Desktop/SFU/2025/FALL2025/ENSC350/FP/SourceCode/EN_ExecUnit.vhd Line: 102
Warning (10445): VHDL Subtype or Type Declaration warning at EN_Shift.vhd(130): subtype or type has null range File: C:/Users/Amytis/Desktop/SFU/2025/FALL2025/ENSC350/FP/SourceCode/EN_Shift.vhd Line: 130
Warning (10445): VHDL Subtype or Type Declaration warning at EN_Shift.vhd(135): subtype or type has null range File: C:/Users/Amytis/Desktop/SFU/2025/FALL2025/ENSC350/FP/SourceCode/EN_Shift.vhd Line: 135
Warning (10445): VHDL Subtype or Type Declaration warning at EN_Shift.vhd(140): subtype or type has null range File: C:/Users/Amytis/Desktop/SFU/2025/FALL2025/ENSC350/FP/SourceCode/EN_Shift.vhd Line: 140
Warning (13024): Output pins are stuck at VCC or GND
    Warning (13410): Pin "Zero" is stuck at GND File: C:/Users/Amytis/Desktop/SFU/2025/FALL2025/ENSC350/FP/SourceCode/EN_ExecUnit.vhd Line: 12
Info (286030): Timing-Driven Synthesis is running
Info (16010): Generating hard_block partition "hard_block:auto_generated_inst"
    Info (16011): Adding 0 node(s), including 0 DDIO, 0 PLL, 0 transceiver and 0 LCELL
Warning (21074): Design contains 1 input pin(s) that do not drive logic
    Warning (15610): No output dependent on input pin "ExtWord" File: C:/Users/Amytis/Desktop/SFU/2025/FALL2025/ENSC350/FP/SourceCode/EN_ExecUnit.vhd Line: 10
Info (21057): Implemented 679 device resources after synthesis - the final resource count might be different
    Info (21058): Implemented 72 input pins
    Info (21059): Implemented 35 output pins
    Info (21061): Implemented 572 logic cells
Info: Quartus Prime Analysis & Synthesis was successful. 0 errors, 15 warnings
    Info: Peak virtual memory: 4804 megabytes
    Info: Processing ended: Sun Nov 30 21:01:00 2025
    Info: Elapsed time: 00:00:06
    Info: Total CPU time (on all processors): 00:00:11


